[debug] [2021-09-29T04:46:17.037Z] ----------------------------------------------------------------------
[debug] [2021-09-29T04:46:17.039Z] Command:       C:\Program Files\nodejs\node.exe C:\Users\sarin\AppData\Roaming\npm\node_modules\firebase-tools\lib\bin\firebase.js init
[debug] [2021-09-29T04:46:17.039Z] CLI Version:   9.18.0
[debug] [2021-09-29T04:46:17.039Z] Platform:      win32
[debug] [2021-09-29T04:46:17.039Z] Node Version:  v14.17.0
[debug] [2021-09-29T04:46:17.040Z] Time:          Wed Sep 29 2021 11:46:17 GMT+0700 (Indochina Time)
[debug] [2021-09-29T04:46:17.040Z] ----------------------------------------------------------------------
[debug] 
[debug] [2021-09-29T04:46:17.045Z] > command requires scopes: ["email","openid","https://www.googleapis.com/auth/cloudplatformprojects.readonly","https://www.googleapis.com/auth/firebase","https://www.googleapis.com/auth/cloud-platform"]
[debug] [2021-09-29T04:46:17.045Z] > authorizing via signed-in user (sarin542@gmail.com)
[info] 
     ######## #### ########  ######## ########     ###     ######  ########
     ##        ##  ##     ## ##       ##     ##  ##   ##  ##       ##
     ######    ##  ########  ######   ########  #########  ######  ######
     ##        ##  ##    ##  ##       ##     ## ##     ##       ## ##
     ##       #### ##     ## ######## ########  ##     ##  ######  ########

You're about to initialize a Firebase project in this directory:

  C:\งาน\สหกิจ\QR-CODE-no-json-ser

Before we get started, keep in mind:

  * You are currently outside your home directory

